#
# A fatal error has been detected by the Java Runtime Environment:
#
#  Internal Error (t:/workspace/open/src/hotspot/os_cpu/windows_x86/os_windows_x86.cpp:145), pid=16096, tid=12076
#  guarantee(result == EXCEPTION_CONTINUE_EXECUTION) failed: Unexpected result from topLevelExceptionFilter
#
# JRE version: OpenJDK Runtime Environment (11.0+28) (build 11+28)
# Java VM: OpenJDK 64-Bit Server VM (11+28, mixed mode, tiered, compressed oops, g1 gc, windows-amd64)
# No core dump will be written. Minidumps are not enabled by default on client versions of Windows
#
# If you would like to submit a bug report, please visit:
#   http://bugreport.java.com/bugreport/crash.jsp
# The crash happened outside the Java Virtual Machine in native code.
# See problematic frame for where to report the bug.
#

---------------  S U M M A R Y ------------

Command Line: -Dfile.encoding=UTF8 -ea -Xmx1024m 

Host: 11th Gen Intel(R) Core(TM) i7-1165G7 @ 2.80GHz, 8 cores, 15G,  Windows 10 , 64 bit Build 19041 (10.0.19041.1503)
Time: Sat Feb 19 11:30:08 2022 대한민국 표준시 elapsed time: 0 seconds (0d 0h 0m 0s)

---------------  T H R E A D  ---------------

Current thread (0x0000026f960c7800):  JavaThread "Python Reference Queue" daemon [_thread_in_native, id=12076, stack(0x000000fa4e800000,0x000000fa4e9f0000)]

Stack: [0x000000fa4e800000,0x000000fa4e9f0000]
Native frames: (J=compiled Java code, j=interpreted, Vv=VM code, C=native code)
C  0x00007ffceef1adaa
C  0x00007ffcef05852f
C  0x00007ffcef059b18
C  0x00007ffcef05a187
C  0x00007ffceeb4241c
C  0x00007ffceef1a89c
C  [ntdll.dll+0xa20cf]
C  [ntdll.dll+0x51454]
C  [ntdll.dll+0xa0bfe]
C  0x00007ffd03c3735d
C  0x00007ffd03c37392
C  0x00007ffd03b63884
C  0x00007ffd03b66393
C  0x00007ffd29d948eb
C  [python38.dll+0x16bd9]  dict_dealloc+0x239  (dictobject.c:1990)
C  [python38.dll+0x924e8]  subtype_clear+0xa8  (typeobject.c:1143)
C  [python38.dll+0x90ce0]  delete_garbage+0x50  (gcmodule.c:949)
C  [python38.dll+0x9042d]  collect+0x165  (gcmodule.c:1128)
C  [python38.dll+0x8f18d]  collect_with_callback+0x45  (gcmodule.c:1241)
C  [python38.dll+0xf64c3]  PyGC_Collect+0x63  (gcmodule.c:1834)
C  0x00007ffd0056c514
C  0x0000026fa283f037

Java frames: (J=compiled Java code, j=interpreted, Vv=VM code)
j  org.jpype.ref.JPypeReferenceNative.wake()V+0
j  org.jpype.ref.JPypeReferenceQueue$Worker.run()V+42
j  java.lang.Thread.run()V+11 java.base@11
v  ~StubRoutines::call_stub

---------------  P R O C E S S  ---------------

Threads class SMR info:
_java_thread_list=0x0000026f96d75420, length=13, elements={
0x0000026f960ca000, 0x0000026f960cb000, 0x0000026f960c5800, 0x0000026f960cc000,
0x0000026f960c6000, 0x0000026f960c9800, 0x0000026f960cc800, 0x0000026f960c7000,
0x0000026f960c8800, 0x0000026f960cd800, 0x0000026f960c7800, 0x0000026f960d0000,
0x0000026f960d2800
}

Java Threads: ( => current thread )
  0x0000026f960ca000 JavaThread "main" [_thread_in_vm, id=8932, stack(0x000000fa4aa00000,0x000000fa4abf0000)]
  0x0000026f960cb000 JavaThread "Reference Handler" daemon [_thread_blocked, id=9276, stack(0x000000fa4d4a0000,0x000000fa4d690000)]
  0x0000026f960c5800 JavaThread "Finalizer" daemon [_thread_blocked, id=11800, stack(0x000000fa4d690000,0x000000fa4d880000)]
  0x0000026f960cc000 JavaThread "Signal Dispatcher" daemon [_thread_blocked, id=9280, stack(0x000000fa4d880000,0x000000fa4da70000)]
  0x0000026f960c6000 JavaThread "Attach Listener" daemon [_thread_blocked, id=15248, stack(0x000000fa4da70000,0x000000fa4dc60000)]
  0x0000026f960c9800 JavaThread "C2 CompilerThread0" daemon [_thread_blocked, id=15308, stack(0x000000fa4dc60000,0x000000fa4de50000)]
  0x0000026f960cc800 JavaThread "C1 CompilerThread0" daemon [_thread_blocked, id=11596, stack(0x000000fa4de50000,0x000000fa4e040000)]
  0x0000026f960c7000 JavaThread "Sweeper thread" daemon [_thread_blocked, id=12968, stack(0x000000fa4e040000,0x000000fa4e230000)]
  0x0000026f960c8800 JavaThread "Service Thread" daemon [_thread_blocked, id=1736, stack(0x000000fa4e230000,0x000000fa4e420000)]
  0x0000026f960cd800 JavaThread "Common-Cleaner" daemon [_thread_blocked, id=3788, stack(0x000000fa4e610000,0x000000fa4e800000)]
=>0x0000026f960c7800 JavaThread "Python Reference Queue" daemon [_thread_in_native, id=12076, stack(0x000000fa4e800000,0x000000fa4e9f0000)]
  0x0000026f960d0000 JavaThread "C2 CompilerThread1" daemon [_thread_blocked, id=16104, stack(0x000000fa4f3a0000,0x000000fa4f590000)]
  0x0000026f960d2800 JavaThread "C2 CompilerThread2" daemon [_thread_in_native, id=14452, stack(0x000000fa4f590000,0x000000fa4f780000)]

Other Threads:
  0x0000026f92cf0800 VMThread "VM Thread" [stack: 0x000000fa4d2b0000,0x000000fa4d4a0000] [id=6816]
  0x0000026f92a2f000 WatcherThread [stack: 0x000000fa4e420000,0x000000fa4e610000] [id=13236]
  0x0000026f92cee800 GCTaskThread "GC Thread#0" [stack: 0x000000fa4c330000,0x000000fa4c520000] [id=14944]
  0x0000026f92cea000 GCTaskThread "GC Thread#1" [stack: 0x000000fa4e9f0000,0x000000fa4ebe0000] [id=2592]
  0x0000026f92cf1000 GCTaskThread "GC Thread#2" [stack: 0x000000fa4ebe0000,0x000000fa4edd0000] [id=128]
  0x0000026f92cf2800 GCTaskThread "GC Thread#3" [stack: 0x000000fa4edd0000,0x000000fa4efc0000] [id=12156]
  0x0000026f92cf2000 GCTaskThread "GC Thread#4" [stack: 0x000000fa4efc0000,0x000000fa4f1b0000] [id=8024]
  0x0000026f92cf3800 GCTaskThread "GC Thread#5" [stack: 0x000000fa4f1b0000,0x000000fa4f3a0000] [id=11208]
  0x0000026f92cea800 ConcurrentGCThread "G1 Main Marker" [stack: 0x000000fa4caf0000,0x000000fa4cce0000] [id=7316]
  0x0000026f92cec000 ConcurrentGCThread "G1 Conc#0" [stack: 0x000000fa4cce0000,0x000000fa4ced0000] [id=15612]
  0x0000026f92cef000 ConcurrentGCThread "G1 Refine#0" [stack: 0x000000fa4ced0000,0x000000fa4d0c0000] [id=13240]
  0x0000026f969ff800 ConcurrentGCThread "G1 Young RemSet Sampling" [stack: 0x000000fa4d0c0000,0x000000fa4d2b0000] [id=15976]

Threads with active compile tasks:
C2 CompilerThread2 785       4       jdk.internal.jimage.ImageReader$SharedImageReader::lambda$handleModulesSubTree$1 (43 bytes)

VM state:not at safepoint (normal execution)

VM Mutex/Monitor currently owned by a thread: None

Heap address: 0x00000000c0000000, size: 1024 MB, Compressed Oops mode: 32-bit
Narrow klass base: 0x0000000000000000, Narrow klass shift: 3
Compressed class space size: 1073741824 Address: 0x0000000100000000

Heap:
 garbage-first heap   total 138240K, used 22717K [0x00000000c0000000, 0x0000000100000000)
  region size 1024K, 20 young (20480K), 1 survivors (1024K)
 Metaspace       used 8907K, capacity 9106K, committed 9344K, reserved 1058816K
  class space    used 758K, capacity 818K, committed 896K, reserved 1048576K
Heap Regions: E=young(eden), S=young(survivor), O=old, HS=humongous(starts), HC=humongous(continues), CS=collection set, F=free, A=archive, TAMS=top-at-mark-start (previous, next)
|   0|0x00000000c0000000, 0x00000000c0013448, 0x00000000c0100000|  7%| O|  |TAMS 0x00000000c0000000, 0x00000000c0000000| Untracked 
|   1|0x00000000c0100000, 0x00000000c015b1d0, 0x00000000c0200000| 35%| O|  |TAMS 0x00000000c0100000, 0x00000000c0100000| Untracked 
|   2|0x00000000c0200000, 0x00000000c0300000, 0x00000000c0300000|100%| O|  |TAMS 0x00000000c0200000, 0x00000000c0200000| Untracked 
|   3|0x00000000c0300000, 0x00000000c03e7c00, 0x00000000c0400000| 90%| O|  |TAMS 0x00000000c0300000, 0x00000000c0300000| Untracked 
|   4|0x00000000c0400000, 0x00000000c0400000, 0x00000000c0500000|  0%| F|  |TAMS 0x00000000c0400000, 0x00000000c0400000| Untracked 
|   5|0x00000000c0500000, 0x00000000c0500000, 0x00000000c0600000|  0%| F|  |TAMS 0x00000000c0500000, 0x00000000c0500000| Untracked 
|   6|0x00000000c0600000, 0x00000000c0600000, 0x00000000c0700000|  0%| F|  |TAMS 0x00000000c0600000, 0x00000000c0600000| Untracked 
|   7|0x00000000c0700000, 0x00000000c0700000, 0x00000000c0800000|  0%| F|  |TAMS 0x00000000c0700000, 0x00000000c0700000| Untracked 
|   8|0x00000000c0800000, 0x00000000c08c4920, 0x00000000c0900000| 76%| S|CS|TAMS 0x00000000c0800000, 0x00000000c0800000| Complete 
|   9|0x00000000c0900000, 0x00000000c0900000, 0x00000000c0a00000|  0%| F|  |TAMS 0x00000000c0900000, 0x00000000c0900000| Untracked 
|  10|0x00000000c0a00000, 0x00000000c0a00000, 0x00000000c0b00000|  0%| F|  |TAMS 0x00000000c0a00000, 0x00000000c0a00000| Untracked 
|  11|0x00000000c0b00000, 0x00000000c0b00000, 0x00000000c0c00000|  0%| F|  |TAMS 0x00000000c0b00000, 0x00000000c0b00000| Untracked 
|  12|0x00000000c0c00000, 0x00000000c0c00000, 0x00000000c0d00000|  0%| F|  |TAMS 0x00000000c0c00000, 0x00000000c0c00000| Untracked 
|  13|0x00000000c0d00000, 0x00000000c0d00000, 0x00000000c0e00000|  0%| F|  |TAMS 0x00000000c0d00000, 0x00000000c0d00000| Untracked 
|  14|0x00000000c0e00000, 0x00000000c0e00000, 0x00000000c0f00000|  0%| F|  |TAMS 0x00000000c0e00000, 0x00000000c0e00000| Untracked 
|  15|0x00000000c0f00000, 0x00000000c0f00000, 0x00000000c1000000|  0%| F|  |TAMS 0x00000000c0f00000, 0x00000000c0f00000| Untracked 
|  16|0x00000000c1000000, 0x00000000c1000000, 0x00000000c1100000|  0%| F|  |TAMS 0x00000000c1000000, 0x00000000c1000000| Untracked 
|  17|0x00000000c1100000, 0x00000000c1100000, 0x00000000c1200000|  0%| F|  |TAMS 0x00000000c1100000, 0x00000000c1100000| Untracked 
|  18|0x00000000c1200000, 0x00000000c1200000, 0x00000000c1300000|  0%| F|  |TAMS 0x00000000c1200000, 0x00000000c1200000| Untracked 
|  19|0x00000000c1300000, 0x00000000c1300000, 0x00000000c1400000|  0%| F|  |TAMS 0x00000000c1300000, 0x00000000c1300000| Untracked 
|  20|0x00000000c1400000, 0x00000000c1400000, 0x00000000c1500000|  0%| F|  |TAMS 0x00000000c1400000, 0x00000000c1400000| Untracked 
|  21|0x00000000c1500000, 0x00000000c1500000, 0x00000000c1600000|  0%| F|  |TAMS 0x00000000c1500000, 0x00000000c1500000| Untracked 
|  22|0x00000000c1600000, 0x00000000c1600000, 0x00000000c1700000|  0%| F|  |TAMS 0x00000000c1600000, 0x00000000c1600000| Untracked 
|  23|0x00000000c1700000, 0x00000000c1700000, 0x00000000c1800000|  0%| F|  |TAMS 0x00000000c1700000, 0x00000000c1700000| Untracked 
|  24|0x00000000c1800000, 0x00000000c1800000, 0x00000000c1900000|  0%| F|  |TAMS 0x00000000c1800000, 0x00000000c1800000| Untracked 
|  25|0x00000000c1900000, 0x00000000c1900000, 0x00000000c1a00000|  0%| F|  |TAMS 0x00000000c1900000, 0x00000000c1900000| Untracked 
|  26|0x00000000c1a00000, 0x00000000c1a00000, 0x00000000c1b00000|  0%| F|  |TAMS 0x00000000c1a00000, 0x00000000c1a00000| Untracked 
|  27|0x00000000c1b00000, 0x00000000c1b00000, 0x00000000c1c00000|  0%| F|  |TAMS 0x00000000c1b00000, 0x00000000c1b00000| Untracked 
|  28|0x00000000c1c00000, 0x00000000c1c00000, 0x00000000c1d00000|  0%| F|  |TAMS 0x00000000c1c00000, 0x00000000c1c00000| Untracked 
|  29|0x00000000c1d00000, 0x00000000c1d00000, 0x00000000c1e00000|  0%| F|  |TAMS 0x00000000c1d00000, 0x00000000c1d00000| Untracked 
|  30|0x00000000c1e00000, 0x00000000c1e00000, 0x00000000c1f00000|  0%| F|  |TAMS 0x00000000c1e00000, 0x00000000c1e00000| Untracked 
|  31|0x00000000c1f00000, 0x00000000c1f00000, 0x00000000c2000000|  0%| F|  |TAMS 0x00000000c1f00000, 0x00000000c1f00000| Untracked 
|  32|0x00000000c2000000, 0x00000000c2000000, 0x00000000c2100000|  0%| F|  |TAMS 0x00000000c2000000, 0x00000000c2000000| Untracked 
|  33|0x00000000c2100000, 0x00000000c2100000, 0x00000000c2200000|  0%| F|  |TAMS 0x00000000c2100000, 0x00000000c2100000| Untracked 
|  34|0x00000000c2200000, 0x00000000c2200000, 0x00000000c2300000|  0%| F|  |TAMS 0x00000000c2200000, 0x00000000c2200000| Untracked 
|  35|0x00000000c2300000, 0x00000000c2300000, 0x00000000c2400000|  0%| F|  |TAMS 0x00000000c2300000, 0x00000000c2300000| Untracked 
|  36|0x00000000c2400000, 0x00000000c2400000, 0x00000000c2500000|  0%| F|  |TAMS 0x00000000c2400000, 0x00000000c2400000| Untracked 
|  37|0x00000000c2500000, 0x00000000c2500000, 0x00000000c2600000|  0%| F|  |TAMS 0x00000000c2500000, 0x00000000c2500000| Untracked 
|  38|0x00000000c2600000, 0x00000000c2600000, 0x00000000c2700000|  0%| F|  |TAMS 0x00000000c2600000, 0x00000000c2600000| Untracked 
|  39|0x00000000c2700000, 0x00000000c2700000, 0x00000000c2800000|  0%| F|  |TAMS 0x00000000c2700000, 0x00000000c2700000| Untracked 
|  40|0x00000000c2800000, 0x00000000c2800000, 0x00000000c2900000|  0%| F|  |TAMS 0x00000000c2800000, 0x00000000c2800000| Untracked 
|  41|0x00000000c2900000, 0x00000000c2900000, 0x00000000c2a00000|  0%| F|  |TAMS 0x00000000c2900000, 0x00000000c2900000| Untracked 
|  42|0x00000000c2a00000, 0x00000000c2a00000, 0x00000000c2b00000|  0%| F|  |TAMS 0x00000000c2a00000, 0x00000000c2a00000| Untracked 
|  43|0x00000000c2b00000, 0x00000000c2b00000, 0x00000000c2c00000|  0%| F|  |TAMS 0x00000000c2b00000, 0x00000000c2b00000| Untracked 
|  44|0x00000000c2c00000, 0x00000000c2c00000, 0x00000000c2d00000|  0%| F|  |TAMS 0x00000000c2c00000, 0x00000000c2c00000| Untracked 
|  45|0x00000000c2d00000, 0x00000000c2d00000, 0x00000000c2e00000|  0%| F|  |TAMS 0x00000000c2d00000, 0x00000000c2d00000| Untracked 
|  46|0x00000000c2e00000, 0x00000000c2e00000, 0x00000000c2f00000|  0%| F|  |TAMS 0x00000000c2e00000, 0x00000000c2e00000| Untracked 
|  47|0x00000000c2f00000, 0x00000000c2f00000, 0x00000000c3000000|  0%| F|  |TAMS 0x00000000c2f00000, 0x00000000c2f00000| Untracked 
|  48|0x00000000c3000000, 0x00000000c3000000, 0x00000000c3100000|  0%| F|  |TAMS 0x00000000c3000000, 0x00000000c3000000| Untracked 
|  49|0x00000000c3100000, 0x00000000c3100000, 0x00000000c3200000|  0%| F|  |TAMS 0x00000000c3100000, 0x00000000c3100000| Untracked 
|  50|0x00000000c3200000, 0x00000000c3200000, 0x00000000c3300000|  0%| F|  |TAMS 0x00000000c3200000, 0x00000000c3200000| Untracked 
|  51|0x00000000c3300000, 0x00000000c3300000, 0x00000000c3400000|  0%| F|  |TAMS 0x00000000c3300000, 0x00000000c3300000| Untracked 
|  52|0x00000000c3400000, 0x00000000c3400000, 0x00000000c3500000|  0%| F|  |TAMS 0x00000000c3400000, 0x00000000c3400000| Untracked 
|  53|0x00000000c3500000, 0x00000000c3500000, 0x00000000c3600000|  0%| F|  |TAMS 0x00000000c3500000, 0x00000000c3500000| Untracked 
|  54|0x00000000c3600000, 0x00000000c3600000, 0x00000000c3700000|  0%| F|  |TAMS 0x00000000c3600000, 0x00000000c3600000| Untracked 
|  55|0x00000000c3700000, 0x00000000c3700000, 0x00000000c3800000|  0%| F|  |TAMS 0x00000000c3700000, 0x00000000c3700000| Untracked 
|  56|0x00000000c3800000, 0x00000000c3800000, 0x00000000c3900000|  0%| F|  |TAMS 0x00000000c3800000, 0x00000000c3800000| Untracked 
|  57|0x00000000c3900000, 0x00000000c3900000, 0x00000000c3a00000|  0%| F|  |TAMS 0x00000000c3900000, 0x00000000c3900000| Untracked 
|  58|0x00000000c3a00000, 0x00000000c3a00000, 0x00000000c3b00000|  0%| F|  |TAMS 0x00000000c3a00000, 0x00000000c3a00000| Untracked 
|  59|0x00000000c3b00000, 0x00000000c3b00000, 0x00000000c3c00000|  0%| F|  |TAMS 0x00000000c3b00000, 0x00000000c3b00000| Untracked 
|  60|0x00000000c3c00000, 0x00000000c3c00000, 0x00000000c3d00000|  0%| F|  |TAMS 0x00000000c3c00000, 0x00000000c3c00000| Untracked 
|  61|0x00000000c3d00000, 0x00000000c3d00000, 0x00000000c3e00000|  0%| F|  |TAMS 0x00000000c3d00000, 0x00000000c3d00000| Untracked 
|  62|0x00000000c3e00000, 0x00000000c3e00000, 0x00000000c3f00000|  0%| F|  |TAMS 0x00000000c3e00000, 0x00000000c3e00000| Untracked 
|  63|0x00000000c3f00000, 0x00000000c3f00000, 0x00000000c4000000|  0%| F|  |TAMS 0x00000000c3f00000, 0x00000000c3f00000| Untracked 
|  64|0x00000000c4000000, 0x00000000c4000000, 0x00000000c4100000|  0%| F|  |TAMS 0x00000000c4000000, 0x00000000c4000000| Untracked 
|  65|0x00000000c4100000, 0x00000000c4100000, 0x00000000c4200000|  0%| F|  |TAMS 0x00000000c4100000, 0x00000000c4100000| Untracked 
|  66|0x00000000c4200000, 0x00000000c4200000, 0x00000000c4300000|  0%| F|  |TAMS 0x00000000c4200000, 0x00000000c4200000| Untracked 
|  67|0x00000000c4300000, 0x00000000c4300000, 0x00000000c4400000|  0%| F|  |TAMS 0x00000000c4300000, 0x00000000c4300000| Untracked 
|  68|0x00000000c4400000, 0x00000000c4400000, 0x00000000c4500000|  0%| F|  |TAMS 0x00000000c4400000, 0x00000000c4400000| Untracked 
|  69|0x00000000c4500000, 0x00000000c4500000, 0x00000000c4600000|  0%| F|  |TAMS 0x00000000c4500000, 0x00000000c4500000| Untracked 
|  70|0x00000000c4600000, 0x00000000c4600000, 0x00000000c4700000|  0%| F|  |TAMS 0x00000000c4600000, 0x00000000c4600000| Untracked 
|  71|0x00000000c4700000, 0x00000000c4700000, 0x00000000c4800000|  0%| F|  |TAMS 0x00000000c4700000, 0x00000000c4700000| Untracked 
|  72|0x00000000c4800000, 0x00000000c4800000, 0x00000000c4900000|  0%| F|  |TAMS 0x00000000c4800000, 0x00000000c4800000| Untracked 
|  73|0x00000000c4900000, 0x00000000c4900000, 0x00000000c4a00000|  0%| F|  |TAMS 0x00000000c4900000, 0x00000000c4900000| Untracked 
|  74|0x00000000c4a00000, 0x00000000c4a00000, 0x00000000c4b00000|  0%| F|  |TAMS 0x00000000c4a00000, 0x00000000c4a00000| Untracked 
|  75|0x00000000c4b00000, 0x00000000c4b00000, 0x00000000c4c00000|  0%| F|  |TAMS 0x00000000c4b00000, 0x00000000c4b00000| Untracked 
|  76|0x00000000c4c00000, 0x00000000c4c00000, 0x00000000c4d00000|  0%| F|  |TAMS 0x00000000c4c00000, 0x00000000c4c00000| Untracked 
|  77|0x00000000c4d00000, 0x00000000c4d00000, 0x00000000c4e00000|  0%| F|  |TAMS 0x00000000c4d00000, 0x00000000c4d00000| Untracked 
|  78|0x00000000c4e00000, 0x00000000c4e00000, 0x00000000c4f00000|  0%| F|  |TAMS 0x00000000c4e00000, 0x00000000c4e00000| Untracked 
|  79|0x00000000c4f00000, 0x00000000c4f00000, 0x00000000c5000000|  0%| F|  |TAMS 0x00000000c4f00000, 0x00000000c4f00000| Untracked 
|  80|0x00000000c5000000, 0x00000000c5000000, 0x00000000c5100000|  0%| F|  |TAMS 0x00000000c5000000, 0x00000000c5000000| Untracked 
|  81|0x00000000c5100000, 0x00000000c5100000, 0x00000000c5200000|  0%| F|  |TAMS 0x00000000c5100000, 0x00000000c5100000| Untracked 
|  82|0x00000000c5200000, 0x00000000c5200000, 0x00000000c5300000|  0%| F|  |TAMS 0x00000000c5200000, 0x00000000c5200000| Untracked 
|  83|0x00000000c5300000, 0x00000000c5300000, 0x00000000c5400000|  0%| F|  |TAMS 0x00000000c5300000, 0x00000000c5300000| Untracked 
|  84|0x00000000c5400000, 0x00000000c5400000, 0x00000000c5500000|  0%| F|  |TAMS 0x00000000c5400000, 0x00000000c5400000| Untracked 
|  85|0x00000000c5500000, 0x00000000c5500000, 0x00000000c5600000|  0%| F|  |TAMS 0x00000000c5500000, 0x00000000c5500000| Untracked 
|  86|0x00000000c5600000, 0x00000000c5600000, 0x00000000c5700000|  0%| F|  |TAMS 0x00000000c5600000, 0x00000000c5600000| Untracked 
|  87|0x00000000c5700000, 0x00000000c5700000, 0x00000000c5800000|  0%| F|  |TAMS 0x00000000c5700000, 0x00000000c5700000| Untracked 
|  88|0x00000000c5800000, 0x00000000c5800000, 0x00000000c5900000|  0%| F|  |TAMS 0x00000000c5800000, 0x00000000c5800000| Untracked 
|  89|0x00000000c5900000, 0x00000000c5900000, 0x00000000c5a00000|  0%| F|  |TAMS 0x00000000c5900000, 0x00000000c5900000| Untracked 
|  90|0x00000000c5a00000, 0x00000000c5a00000, 0x00000000c5b00000|  0%| F|  |TAMS 0x00000000c5a00000, 0x00000000c5a00000| Untracked 
|  91|0x00000000c5b00000, 0x00000000c5b00000, 0x00000000c5c00000|  0%| F|  |TAMS 0x00000000c5b00000, 0x00000000c5b00000| Untracked 
|  92|0x00000000c5c00000, 0x00000000c5c00000, 0x00000000c5d00000|  0%| F|  |TAMS 0x00000000c5c00000, 0x00000000c5c00000| Untracked 
|  93|0x00000000c5d00000, 0x00000000c5d00000, 0x00000000c5e00000|  0%| F|  |TAMS 0x00000000c5d00000, 0x00000000c5d00000| Untracked 
|  94|0x00000000c5e00000, 0x00000000c5e00000, 0x00000000c5f00000|  0%| F|  |TAMS 0x00000000c5e00000, 0x00000000c5e00000| Untracked 
|  95|0x00000000c5f00000, 0x00000000c5f00000, 0x00000000c6000000|  0%| F|  |TAMS 0x00000000c5f00000, 0x00000000c5f00000| Untracked 
|  96|0x00000000c6000000, 0x00000000c6000000, 0x00000000c6100000|  0%| F|  |TAMS 0x00000000c6000000, 0x00000000c6000000| Untracked 
|  97|0x00000000c6100000, 0x00000000c6100000, 0x00000000c6200000|  0%| F|  |TAMS 0x00000000c6100000, 0x00000000c6100000| Untracked 
|  98|0x00000000c6200000, 0x00000000c6200000, 0x00000000c6300000|  0%| F|  |TAMS 0x00000000c6200000, 0x00000000c6200000| Untracked 
|  99|0x00000000c6300000, 0x00000000c6300000, 0x00000000c6400000|  0%| F|  |TAMS 0x00000000c6300000, 0x00000000c6300000| Untracked 
| 100|0x00000000c6400000, 0x00000000c6400000, 0x00000000c6500000|  0%| F|  |TAMS 0x00000000c6400000, 0x00000000c6400000| Untracked 
| 101|0x00000000c6500000, 0x00000000c6500000, 0x00000000c6600000|  0%| F|  |TAMS 0x00000000c6500000, 0x00000000c6500000| Untracked 
| 102|0x00000000c6600000, 0x00000000c6600000, 0x00000000c6700000|  0%| F|  |TAMS 0x00000000c6600000, 0x00000000c6600000| Untracked 
| 103|0x00000000c6700000, 0x00000000c6700000, 0x00000000c6800000|  0%| F|  |TAMS 0x00000000c6700000, 0x00000000c6700000| Untracked 
| 104|0x00000000c6800000, 0x00000000c6800000, 0x00000000c6900000|  0%| F|  |TAMS 0x00000000c6800000, 0x00000000c6800000| Untracked 
| 105|0x00000000c6900000, 0x00000000c6900000, 0x00000000c6a00000|  0%| F|  |TAMS 0x00000000c6900000, 0x00000000c6900000| Untracked 
| 106|0x00000000c6a00000, 0x00000000c6a00000, 0x00000000c6b00000|  0%| F|  |TAMS 0x00000000c6a00000, 0x00000000c6a00000| Untracked 
| 107|0x00000000c6b00000, 0x00000000c6b00000, 0x00000000c6c00000|  0%| F|  |TAMS 0x00000000c6b00000, 0x00000000c6b00000| Untracked 
| 108|0x00000000c6c00000, 0x00000000c6c00000, 0x00000000c6d00000|  0%| F|  |TAMS 0x00000000c6c00000, 0x00000000c6c00000| Untracked 
| 109|0x00000000c6d00000, 0x00000000c6d00000, 0x00000000c6e00000|  0%| F|  |TAMS 0x00000000c6d00000, 0x00000000c6d00000| Untracked 
| 110|0x00000000c6e00000, 0x00000000c6e00000, 0x00000000c6f00000|  0%| F|  |TAMS 0x00000000c6e00000, 0x00000000c6e00000| Untracked 
| 111|0x00000000c6f00000, 0x00000000c6f00000, 0x00000000c7000000|  0%| F|  |TAMS 0x00000000c6f00000, 0x00000000c6f00000| Untracked 
| 112|0x00000000c7000000, 0x00000000c7000000, 0x00000000c7100000|  0%| F|  |TAMS 0x00000000c7000000, 0x00000000c7000000| Untracked 
| 113|0x00000000c7100000, 0x00000000c7200000, 0x00000000c7200000|100%| E|  |TAMS 0x00000000c7100000, 0x00000000c7100000| Complete 
| 114|0x00000000c7200000, 0x00000000c7300000, 0x00000000c7300000|100%| E|CS|TAMS 0x00000000c7200000, 0x00000000c7200000| Complete 
| 115|0x00000000c7300000, 0x00000000c7400000, 0x00000000c7400000|100%| E|CS|TAMS 0x00000000c7300000, 0x00000000c7300000| Complete 
| 116|0x00000000c7400000, 0x00000000c7500000, 0x00000000c7500000|100%| E|CS|TAMS 0x00000000c7400000, 0x00000000c7400000| Complete 
| 117|0x00000000c7500000, 0x00000000c7600000, 0x00000000c7600000|100%| E|CS|TAMS 0x00000000c7500000, 0x00000000c7500000| Complete 
| 118|0x00000000c7600000, 0x00000000c7700000, 0x00000000c7700000|100%| E|CS|TAMS 0x00000000c7600000, 0x00000000c7600000| Complete 
| 119|0x00000000c7700000, 0x00000000c7800000, 0x00000000c7800000|100%| E|CS|TAMS 0x00000000c7700000, 0x00000000c7700000| Complete 
| 120|0x00000000c7800000, 0x00000000c7900000, 0x00000000c7900000|100%| E|CS|TAMS 0x00000000c7800000, 0x00000000c7800000| Complete 
| 121|0x00000000c7900000, 0x00000000c7a00000, 0x00000000c7a00000|100%| E|CS|TAMS 0x00000000c7900000, 0x00000000c7900000| Complete 
| 122|0x00000000c7a00000, 0x00000000c7b00000, 0x00000000c7b00000|100%| E|CS|TAMS 0x00000000c7a00000, 0x00000000c7a00000| Complete 
| 123|0x00000000c7b00000, 0x00000000c7c00000, 0x00000000c7c00000|100%| E|CS|TAMS 0x00000000c7b00000, 0x00000000c7b00000| Complete 
| 124|0x00000000c7c00000, 0x00000000c7d00000, 0x00000000c7d00000|100%| E|CS|TAMS 0x00000000c7c00000, 0x00000000c7c00000| Complete 
| 125|0x00000000c7d00000, 0x00000000c7e00000, 0x00000000c7e00000|100%| E|CS|TAMS 0x00000000c7d00000, 0x00000000c7d00000| Complete 
| 126|0x00000000c7e00000, 0x00000000c7f00000, 0x00000000c7f00000|100%| E|CS|TAMS 0x00000000c7e00000, 0x00000000c7e00000| Complete 
| 127|0x00000000c7f00000, 0x00000000c8000000, 0x00000000c8000000|100%| E|CS|TAMS 0x00000000c7f00000, 0x00000000c7f00000| Complete 
| 128|0x00000000c8000000, 0x00000000c8100000, 0x00000000c8100000|100%| E|CS|TAMS 0x00000000c8000000, 0x00000000c8000000| Complete 
| 129|0x00000000c8100000, 0x00000000c8200000, 0x00000000c8200000|100%| E|CS|TAMS 0x00000000c8100000, 0x00000000c8100000| Complete 
| 130|0x00000000c8200000, 0x00000000c8300000, 0x00000000c8300000|100%| E|CS|TAMS 0x00000000c8200000, 0x00000000c8200000| Complete 
| 131|0x00000000c8300000, 0x00000000c8400000, 0x00000000c8400000|100%| E|CS|TAMS 0x00000000c8300000, 0x00000000c8300000| Complete 
| 172|0x00000000cac00000, 0x00000000cac75e50, 0x00000000cad00000| 46%| O|  |TAMS 0x00000000cac00000, 0x00000000cac00000| Untracked 
| 173|0x00000000cad00000, 0x00000000cad2ec78, 0x00000000cae00000| 18%| O|  |TAMS 0x00000000cad00000, 0x00000000cad00000| Untracked 
| 251|0x00000000cfb00000, 0x00000000cfb6ffd0, 0x00000000cfc00000| 43%| O|  |TAMS 0x00000000cfb00000, 0x00000000cfb00000| Untracked 

Card table byte_map: [0x0000026fb23c0000,0x0000026fb25c0000] _byte_map_base: 0x0000026fb1dc0000

Marking Bits (Prev, Next): (CMBitMap*) 0x0000026f9275bd38, (CMBitMap*) 0x0000026f9275bd70
 Prev Bits: [0x0000026fb27c0000, 0x0000026fb37c0000)
 Next Bits: [0x0000026fb37c0000, 0x0000026fb47c0000)

Polling page: 0x0000026f95610000

Metaspace:

Usage:
  Non-class:      8.09 MB capacity,     7.96 MB ( 98%) used,   131.27 KB (  2%) free+waste,     7.63 KB ( <1%) overhead. 
      Class:    818.00 KB capacity,   759.21 KB ( 93%) used,    55.73 KB (  7%) free+waste,     3.06 KB ( <1%) overhead. 
       Both:      8.89 MB capacity,     8.70 MB ( 98%) used,   187.00 KB (  2%) free+waste,    10.69 KB ( <1%) overhead. 

Virtual space:
  Non-class space:       10.00 MB reserved,       8.25 MB ( 83%) committed 
      Class space:        1.00 GB reserved,     896.00 KB ( <1%) committed 
             Both:        1.01 GB reserved,       9.13 MB ( <1%) committed 

Chunk freelists:
   Non-Class:  4.00 KB
       Class:  1.75 KB
        Both:  5.75 KB

CodeHeap 'non-profiled nmethods': size=120000Kb used=366Kb max_used=366Kb free=119633Kb
 bounds [0x0000026faa300000, 0x0000026faa570000, 0x0000026fb1830000]
CodeHeap 'profiled nmethods': size=120000Kb used=1703Kb max_used=1703Kb free=118296Kb
 bounds [0x0000026fa2dd0000, 0x0000026fa3040000, 0x0000026faa300000]
CodeHeap 'non-nmethods': size=5760Kb used=1075Kb max_used=1100Kb free=4684Kb
 bounds [0x0000026fa2830000, 0x0000026fa2aa0000, 0x0000026fa2dd0000]
 total_blobs=1549 nmethods=914 adapters=277
 compilation: enabled
              stopped_count=0, restarted_count=0
 full_count=0

Compilation events (10 events):
Event: 0.568 Thread 0x0000026f960c9800 nmethod 413 0x0000026faa31ac10 code [0x0000026faa31ada0, 0x0000026faa31b018]
Event: 0.568 Thread 0x0000026f960cc800 nmethod 412 0x0000026faa31b190 code [0x0000026faa31b340, 0x0000026faa31b458]
Event: 0.568 Thread 0x0000026f960c9800  420       4       java.util.HashMap::putVal (300 bytes)
Event: 0.568 Thread 0x0000026f960cc800  421       3       java.lang.reflect.Method::isVarArgs (5 bytes)
Event: 0.568 Thread 0x0000026f960cc800 nmethod 421 0x0000026fa2e68890 code [0x0000026fa2e68a40, 0x0000026fa2e68c78]
Event: 0.568 Thread 0x0000026f960cc800  422       3       java.util.StringJoiner::getChars (15 bytes)
Event: 0.568 Thread 0x0000026f960cc800 nmethod 422 0x0000026fa2e68d10 code [0x0000026fa2e68ee0, 0x0000026fa2e69190]
Event: 0.568 Thread 0x0000026f960cc800  414       1       java.lang.reflect.Modifier::methodModifiers (4 bytes)
Event: 0.568 Thread 0x0000026f960cc800 nmethod 414 0x0000026faa31b510 code [0x0000026faa31b6c0, 0x0000026faa31b7b8]
Event: 0.574 Thread 0x0000026f960c9800 nmethod 420 0x0000026faa31b810 code [0x0000026faa31ba00, 0x0000026faa31c230]

GC Heap History (2 events):
Event: 0.554 GC heap before
{Heap before GC invocations=0 (full 0):
 garbage-first heap   total 258048K, used 4096K [0x00000000c0000000, 0x0000000100000000)
  region size 1024K, 5 young (5120K), 0 survivors (0K)
 Metaspace       used 6887K, capacity 7042K, committed 7168K, reserved 1056768K
  class space    used 615K, capacity 668K, committed 768K, reserved 1048576K
}
Event: 0.560 GC heap after
{Heap after GC invocations=1 (full 1):
 garbage-first heap   total 17408K, used 1548K [0x00000000c0000000, 0x0000000100000000)
  region size 1024K, 0 young (0K), 0 survivors (0K)
 Metaspace       used 6887K, capacity 7042K, committed 7168K, reserved 1056768K
  class space    used 615K, capacity 668K, committed 768K, reserved 1048576K
}

Deoptimization events (6 events):
Event: 0.250 Thread 0x0000026f960ca000 Uncommon trap: reason=unstable_if action=reinterpret pc=0x0000026faa30526c method=java.lang.String.hashCode()I @ 14 c2
Event: 0.508 Thread 0x0000026f960ca000 Uncommon trap: reason=profile_predicate action=maybe_recompile pc=0x0000026faa31294c method=java.lang.StringLatin1.indexOf([BI[BII)I @ 18 c2
Event: 0.508 Thread 0x0000026f960ca000 Uncommon trap: reason=profile_predicate action=maybe_recompile pc=0x0000026faa31294c method=java.lang.StringLatin1.indexOf([BI[BII)I @ 18 c2
Event: 0.508 Thread 0x0000026f960ca000 Uncommon trap: reason=profile_predicate action=maybe_recompile pc=0x0000026faa31294c method=java.lang.StringLatin1.indexOf([BI[BII)I @ 18 c2
Event: 0.508 Thread 0x0000026f960ca000 Uncommon trap: reason=profile_predicate action=maybe_recompile pc=0x0000026faa31294c method=java.lang.StringLatin1.indexOf([BI[BII)I @ 18 c2
Event: 0.552 Thread 0x0000026f960ca000 Uncommon trap: reason=unstable_if action=reinterpret pc=0x0000026faa315ba0 method=java.util.HashMap.getNode(ILjava/lang/Object;)Ljava/util/HashMap$Node; @ 129 c2

Classes redefined (0 events):
No events

Internal exceptions (3 events):
Event: 0.365 Thread 0x0000026f960ca000 Exception <a 'java/lang/NoClassDefFoundError'{0x00000000cf97b880}: org/jpype/classloader/DynamicClassLoader> (0x00000000cf97b880) thrown at [t:/workspace/open/src/hotspot/share/classfile/systemDictionary.cpp, line 220]
Event: 0.484 Thread 0x0000026f960ca000 Exception <a 'sun/nio/fs/WindowsException'{0x00000000cf8a6770}> (0x00000000cf8a6770) thrown at [t:/workspace/open/src/hotspot/share/prims/jni.cpp, line 615]
Event: 0.485 Thread 0x0000026f960ca000 Exception <a 'sun/nio/fs/WindowsException'{0x00000000cf8a6fb8}> (0x00000000cf8a6fb8) thrown at [t:/workspace/open/src/hotspot/share/prims/jni.cpp, line 615]

Events (10 events):
Event: 0.561 loading class java/util/function/ToLongFunction
Event: 0.561 loading class java/util/function/ToLongFunction done
Event: 0.561 loading class java/util/function/ToDoubleFunction
Event: 0.562 loading class java/util/function/ToDoubleFunction done
Event: 0.606 loading class java/util/Spliterator$OfInt
Event: 0.607 loading class java/util/Spliterator$OfPrimitive
Event: 0.607 loading class java/util/Spliterator
Event: 0.607 loading class java/util/Spliterator done
Event: 0.607 loading class java/util/Spliterator$OfPrimitive done
Event: 0.607 loading class java/util/Spliterator$OfInt done


Dynamic libraries:
0x00007ff78c0b0000 - 0x00007ff78c0cc000 	C:\Users\Owner\anaconda3\python.exe
0x00007ffd70290000 - 0x00007ffd70485000 	C:\windows\SYSTEM32\ntdll.dll
0x00007ffd6f340000 - 0x00007ffd6f3fe000 	C:\windows\System32\KERNEL32.DLL
0x00007ffd6df60000 - 0x00007ffd6e228000 	C:\windows\System32\KERNELBASE.dll
0x00007ffd6dcd0000 - 0x00007ffd6ddd0000 	C:\windows\System32\ucrtbase.dll
0x00007ffcf1b70000 - 0x00007ffcf1fa2000 	C:\Users\Owner\anaconda3\python38.dll
0x00007ffd69080000 - 0x00007ffd69099000 	C:\Users\Owner\anaconda3\VCRUNTIME140.dll
0x00007ffd6fc50000 - 0x00007ffd6fca5000 	C:\windows\System32\SHLWAPI.dll
0x00007ffd6f2a0000 - 0x00007ffd6f33e000 	C:\windows\System32\msvcrt.dll
0x00007ffd701e0000 - 0x00007ffd7024b000 	C:\windows\System32\WS2_32.dll
0x00007ffd6fcb0000 - 0x00007ffd6fdd5000 	C:\windows\System32\RPCRT4.dll
0x00007ffd604f0000 - 0x00007ffd604fa000 	C:\windows\SYSTEM32\VERSION.dll
0x00007ffd6ffe0000 - 0x00007ffd7008e000 	C:\windows\System32\ADVAPI32.dll
0x00007ffd6f6e0000 - 0x00007ffd6f77c000 	C:\windows\System32\sechost.dll
0x00007ffd6d340000 - 0x00007ffd6d358000 	C:\windows\SYSTEM32\CRYPTSP.dll
0x00007ffd6ca60000 - 0x00007ffd6ca94000 	C:\windows\system32\rsaenh.dll
0x00007ffd6df30000 - 0x00007ffd6df57000 	C:\windows\System32\bcrypt.dll
0x00007ffd6d360000 - 0x00007ffd6d36c000 	C:\windows\SYSTEM32\CRYPTBASE.dll
0x00007ffd6da10000 - 0x00007ffd6da92000 	C:\windows\System32\bcryptPrimitives.dll
0x00007ffd692c0000 - 0x00007ffd692cf000 	C:\Users\Owner\anaconda3\python3.DLL
0x00007ffd69060000 - 0x00007ffd69077000 	C:\Users\Owner\anaconda3\DLLs\_bz2.pyd
0x00007ffd680a0000 - 0x00007ffd680ca000 	C:\Users\Owner\anaconda3\DLLs\_lzma.pyd
0x00007ffd3f8e0000 - 0x00007ffd3f900000 	C:\Users\Owner\anaconda3\DLLs\_ctypes.pyd
0x00007ffd6f5b0000 - 0x00007ffd6f6da000 	C:\windows\System32\ole32.dll
0x00007ffd6f8f0000 - 0x00007ffd6fc45000 	C:\windows\System32\combase.dll
0x00007ffd6e790000 - 0x00007ffd6e7bb000 	C:\windows\System32\GDI32.dll
0x00007ffd6daf0000 - 0x00007ffd6db12000 	C:\windows\System32\win32u.dll
0x00007ffd6dbc0000 - 0x00007ffd6dccd000 	C:\windows\System32\gdi32full.dll
0x00007ffd6db20000 - 0x00007ffd6dbbd000 	C:\windows\System32\msvcp_win.dll
0x00007ffd6fe40000 - 0x00007ffd6ffe0000 	C:\windows\System32\USER32.dll
0x00007ffd5bb70000 - 0x00007ffd5bb7b000 	C:\Users\Owner\anaconda3\DLLs\libffi-7.dll
0x00007ffd6f790000 - 0x00007ffd6f85d000 	C:\windows\System32\OLEAUT32.dll
0x00007ffd6e2e0000 - 0x00007ffd6e310000 	C:\windows\System32\IMM32.DLL
0x00007ffd6e840000 - 0x00007ffd6ef84000 	C:\windows\System32\shell32.DLL
0x00007ffd69050000 - 0x00007ffd6905d000 	C:\Users\Owner\anaconda3\DLLs\_hashlib.pyd
0x00007ffd0a340000 - 0x00007ffd0a68a000 	C:\Users\Owner\anaconda3\Library\bin\libcrypto-1_1-x64.dll
0x00007ffd35680000 - 0x00007ffd35697000 	C:\Users\Owner\anaconda3\DLLs\_sqlite3.pyd
0x00007ffd072a0000 - 0x00007ffd073fc000 	C:\Users\Owner\anaconda3\Library\bin\sqlite3.dll
0x00007ffd5bb80000 - 0x00007ffd5bb96000 	C:\Users\Owner\anaconda3\DLLs\_socket.pyd
0x00007ffd6cdf0000 - 0x00007ffd6ce2b000 	C:\windows\SYSTEM32\IPHLPAPI.DLL
0x00007ffd68ff0000 - 0x00007ffd68ff9000 	C:\Users\Owner\anaconda3\DLLs\select.pyd
0x00007ffd35a70000 - 0x00007ffd35a97000 	C:\Users\Owner\anaconda3\DLLs\_ssl.pyd
0x00007ffd6ddd0000 - 0x00007ffd6df26000 	C:\windows\System32\CRYPT32.dll
0x00007ffd07820000 - 0x00007ffd078cc000 	C:\Users\Owner\anaconda3\Library\bin\libssl-1_1-x64.dll
0x00007ffd3f0e0000 - 0x00007ffd3f0f2000 	C:\Users\Owner\anaconda3\DLLs\_asyncio.pyd
0x00007ffd59330000 - 0x00007ffd5933d000 	C:\Users\Owner\anaconda3\DLLs\_overlapped.pyd
0x00007ffd6d150000 - 0x00007ffd6d1ba000 	C:\windows\system32\mswsock.dll
0x00007ffd66f10000 - 0x00007ffd66f19000 	C:\Users\Owner\anaconda3\DLLs\_queue.pyd
0x00007ffd07710000 - 0x00007ffd0781e000 	C:\Users\Owner\anaconda3\DLLs\unicodedata.pyd
0x00007ffd39a50000 - 0x00007ffd39a66000 	C:\Users\Owner\anaconda3\lib\site-packages\zmq\backend\cython\constants.cp38-win_amd64.pyd
0x00007ffd57960000 - 0x00007ffd5796c000 	C:\Users\Owner\anaconda3\lib\site-packages\zmq\backend\cython\error.cp38-win_amd64.pyd
0x00007ffd29e50000 - 0x00007ffd29ec7000 	C:\Users\Owner\anaconda3\Library\bin\libzmq-mt-4_3_3.dll
0x00007ffd524d0000 - 0x00007ffd5255d000 	C:\windows\SYSTEM32\MSVCP140.dll
0x00007ffd29db0000 - 0x00007ffd29dff000 	C:\Users\Owner\anaconda3\Library\bin\libsodium.dll
0x00007ffd524a0000 - 0x00007ffd524ac000 	C:\windows\SYSTEM32\VCRUNTIME140_1.dll
0x00007ffd375c0000 - 0x00007ffd375d9000 	C:\Users\Owner\anaconda3\lib\site-packages\zmq\backend\cython\message.cp38-win_amd64.pyd
0x00007ffd37320000 - 0x00007ffd37334000 	C:\Users\Owner\anaconda3\lib\site-packages\zmq\backend\cython\context.cp38-win_amd64.pyd
0x00007ffd29820000 - 0x00007ffd29843000 	C:\Users\Owner\anaconda3\lib\site-packages\zmq\backend\cython\socket.cp38-win_amd64.pyd
0x00007ffd559a0000 - 0x00007ffd559ae000 	C:\Users\Owner\anaconda3\lib\site-packages\zmq\backend\cython\utils.cp38-win_amd64.pyd
0x00007ffd36b80000 - 0x00007ffd36b94000 	C:\Users\Owner\anaconda3\lib\site-packages\zmq\backend\cython\_poll.cp38-win_amd64.pyd
0x00007ffd4ec20000 - 0x00007ffd4ec2c000 	C:\Users\Owner\anaconda3\lib\site-packages\zmq\backend\cython\_version.cp38-win_amd64.pyd
0x00007ffd35a50000 - 0x00007ffd35a62000 	C:\Users\Owner\anaconda3\lib\site-packages\zmq\backend\cython\_device.cp38-win_amd64.pyd
0x00007ffd4e260000 - 0x00007ffd4e270000 	C:\Users\Owner\anaconda3\lib\site-packages\zmq\backend\cython\_proxy_steerable.cp38-win_amd64.pyd
0x00007ffd5bdd0000 - 0x00007ffd5bdd7000 	C:\Users\Owner\anaconda3\lib\site-packages\tornado\speedups.cp38-win_amd64.pyd
0x00007ffd2bfd0000 - 0x00007ffd2c013000 	C:\Users\Owner\anaconda3\DLLs\_decimal.pyd
0x00007ffd6b8c0000 - 0x00007ffd6b8d2000 	C:\windows\SYSTEM32\kernel.appcore.dll
0x00007ffd4b2a0000 - 0x00007ffd4b2a7000 	C:\windows\system32\wshunix.dll
0x00007ffd6f290000 - 0x00007ffd6f298000 	C:\windows\System32\NSI.dll
0x00007ffd605a0000 - 0x00007ffd605b7000 	C:\windows\SYSTEM32\dhcpcsvc6.DLL
0x00007ffd60560000 - 0x00007ffd6057d000 	C:\windows\SYSTEM32\dhcpcsvc.DLL
0x00007ffd6ce80000 - 0x00007ffd6cf4b000 	C:\windows\SYSTEM32\DNSAPI.dll
0x0000000068570000 - 0x0000000068594000 	C:\Users\Owner\anaconda3\lib\site-packages\win32\win32api.pyd
0x0000000068540000 - 0x0000000068567000 	C:\Users\Owner\anaconda3\lib\site-packages\win32\pywintypes38.dll
0x00007ffd53ce0000 - 0x00007ffd53cec000 	C:\windows\SYSTEM32\secur32.dll
0x00007ffd6d860000 - 0x00007ffd6d891000 	C:\windows\SYSTEM32\SSPICLI.DLL
0x0000000068460000 - 0x0000000068487000 	C:\Users\Owner\anaconda3\lib\site-packages\win32\win32security.pyd
0x00007ffd58100000 - 0x00007ffd58119000 	C:\windows\SYSTEM32\NETAPI32.dll
0x00007ffd6cf50000 - 0x00007ffd6cf5c000 	C:\windows\SYSTEM32\NETUTILS.DLL
0x0000026f91710000 - 0x0000026f91713000 	C:\windows\SYSTEM32\security.dll
0x00007ffd0a2a0000 - 0x00007ffd0a2ca000 	C:\windows\SYSTEM32\ntdsapi.dll
0x00007ffd6ce30000 - 0x00007ffd6ce74000 	C:\windows\SYSTEM32\LOGONCLI.DLL
0x00007ffd0a2d0000 - 0x00007ffd0a2fd000 	C:\Users\Owner\anaconda3\DLLs\_elementtree.pyd
0x00007ffd0a300000 - 0x00007ffd0a331000 	C:\Users\Owner\anaconda3\DLLs\pyexpat.pyd
0x00007ffd67050000 - 0x00007ffd67057000 	C:\Users\Owner\anaconda3\lib\site-packages\mkl\_mklinit.cp38-win_amd64.pyd
0x00007ffcf0230000 - 0x00007ffcf131b000 	C:\Users\Owner\anaconda3\Library\bin\mkl_rt.1.dll
0x00007ffd66f30000 - 0x00007ffd66f4e000 	C:\Users\Owner\anaconda3\lib\site-packages\mkl\_py_mkl_service.cp38-win_amd64.pyd
0x00007ffd63a20000 - 0x00007ffd63cf5000 	C:\Users\Owner\anaconda3\lib\site-packages\numpy\core\_multiarray_umath.cp38-win_amd64.pyd
0x00007ffd66c10000 - 0x00007ffd66c2f000 	C:\Users\Owner\anaconda3\lib\site-packages\numpy\core\_multiarray_tests.cp38-win_amd64.pyd
0x00007ffd67040000 - 0x00007ffd67049000 	C:\Users\Owner\anaconda3\lib\site-packages\numpy\linalg\lapack_lite.cp38-win_amd64.pyd
0x00007ffd60d00000 - 0x00007ffd60d2a000 	C:\Users\Owner\anaconda3\lib\site-packages\numpy\linalg\_umath_linalg.cp38-win_amd64.pyd
0x00007ffd5bbd0000 - 0x00007ffd5bbf0000 	C:\Users\Owner\anaconda3\lib\site-packages\numpy\fft\_pocketfft_internal.cp38-win_amd64.pyd
0x00007ffd4c700000 - 0x00007ffd4c790000 	C:\Users\Owner\anaconda3\lib\site-packages\numpy\random\mtrand.cp38-win_amd64.pyd
0x00007ffd5bba0000 - 0x00007ffd5bbca000 	C:\Users\Owner\anaconda3\lib\site-packages\numpy\random\bit_generator.cp38-win_amd64.pyd
0x00007ffd58990000 - 0x00007ffd589c2000 	C:\Users\Owner\anaconda3\lib\site-packages\numpy\random\_common.cp38-win_amd64.pyd
0x00007ffd58950000 - 0x00007ffd58990000 	C:\Users\Owner\anaconda3\lib\site-packages\numpy\random\_bounded_integers.cp38-win_amd64.pyd
0x00007ffd5a0b0000 - 0x00007ffd5a0c8000 	C:\Users\Owner\anaconda3\lib\site-packages\numpy\random\_mt19937.cp38-win_amd64.pyd
0x00007ffd57b10000 - 0x00007ffd57b27000 	C:\Users\Owner\anaconda3\lib\site-packages\numpy\random\_philox.cp38-win_amd64.pyd
0x00007ffd57af0000 - 0x00007ffd57b05000 	C:\Users\Owner\anaconda3\lib\site-packages\numpy\random\_pcg64.cp38-win_amd64.pyd
0x00007ffd57ad0000 - 0x00007ffd57ae2000 	C:\Users\Owner\anaconda3\lib\site-packages\numpy\random\_sfc64.cp38-win_amd64.pyd
0x00007ffd34520000 - 0x00007ffd345ca000 	C:\Users\Owner\anaconda3\lib\site-packages\numpy\random\_generator.cp38-win_amd64.pyd
0x00007ffce8cf0000 - 0x00007ffcec0e1000 	C:\Users\Owner\anaconda3\Library\bin\mkl_intel_thread.1.dll
0x00007ffce0c70000 - 0x00007ffce8ce4000 	C:\Users\Owner\anaconda3\Library\bin\mkl_core.1.dll
0x00007ffcdd7c0000 - 0x00007ffce0c68000 	C:\Users\Owner\anaconda3\Library\bin\mkl_avx512.1.dll
0x00007ffcef430000 - 0x00007ffcf022a000 	C:\Users\Owner\anaconda3\Library\bin\mkl_vml_avx512.1.dll
0x00007ffd4af10000 - 0x00007ffd4af24000 	C:\Users\Owner\anaconda3\lib\site-packages\scipy\_lib\_ccallback_c.cp38-win_amd64.pyd
0x00007ffd2c5b0000 - 0x00007ffd2c63b000 	C:\Users\Owner\anaconda3\lib\site-packages\scipy\spatial\ckdtree.cp38-win_amd64.pyd
0x00007ffd29200000 - 0x00007ffd29419000 	C:\Users\Owner\anaconda3\lib\site-packages\scipy\sparse\_sparsetools.cp38-win_amd64.pyd
0x00007ffd2c530000 - 0x00007ffd2c5af000 	C:\Users\Owner\anaconda3\lib\site-packages\scipy\sparse\_csparsetools.cp38-win_amd64.pyd
0x00007ffd442a0000 - 0x00007ffd442f4000 	C:\Users\Owner\anaconda3\lib\site-packages\scipy\sparse\csgraph\_shortest_path.cp38-win_amd64.pyd
0x00007ffd37680000 - 0x00007ffd376a3000 	C:\Users\Owner\anaconda3\lib\site-packages\scipy\sparse\csgraph\_tools.cp38-win_amd64.pyd
0x00007ffd344f0000 - 0x00007ffd34511000 	C:\Users\Owner\anaconda3\lib\site-packages\scipy\sparse\csgraph\_traversal.cp38-win_amd64.pyd
0x00007ffd344c0000 - 0x00007ffd344eb000 	C:\Users\Owner\anaconda3\lib\site-packages\scipy\sparse\csgraph\_min_spanning_tree.cp38-win_amd64.pyd
0x00007ffd2f040000 - 0x00007ffd2f076000 	C:\Users\Owner\anaconda3\lib\site-packages\scipy\sparse\csgraph\_flow.cp38-win_amd64.pyd
0x00007ffd2c4f0000 - 0x00007ffd2c52d000 	C:\Users\Owner\anaconda3\lib\site-packages\scipy\sparse\csgraph\_matching.cp38-win_amd64.pyd
0x00007ffd2c4b0000 - 0x00007ffd2c4e8000 	C:\Users\Owner\anaconda3\lib\site-packages\scipy\sparse\csgraph\_reordering.cp38-win_amd64.pyd
0x00007ffd0ae50000 - 0x00007ffd0af20000 	C:\Users\Owner\anaconda3\lib\site-packages\scipy\spatial\qhull.cp38-win_amd64.pyd
0x00007ffd66f20000 - 0x00007ffd66f2f000 	C:\Users\Owner\anaconda3\lib\site-packages\scipy\_lib\messagestream.cp38-win_amd64.pyd
0x00007ffd2c480000 - 0x00007ffd2c4a9000 	C:\Users\Owner\anaconda3\lib\site-packages\scipy\spatial\_voronoi.cp38-win_amd64.pyd
0x00007ffd29c40000 - 0x00007ffd29cd2000 	C:\Users\Owner\anaconda3\lib\site-packages\scipy\linalg\_fblas.cp38-win_amd64.pyd
0x00007ffd0ac80000 - 0x00007ffd0ae4a000 	C:\Users\Owner\anaconda3\lib\site-packages\scipy\linalg\_flapack.cp38-win_amd64.pyd
0x00007ffd343d0000 - 0x00007ffd343e2000 	C:\Users\Owner\anaconda3\lib\site-packages\scipy\linalg\_flinalg.cp38-win_amd64.pyd
0x00007ffd28b50000 - 0x00007ffd28b84000 	C:\Users\Owner\anaconda3\lib\site-packages\scipy\linalg\_solve_toeplitz.cp38-win_amd64.pyd
0x00007ffd0be70000 - 0x00007ffd0be9f000 	C:\Users\Owner\anaconda3\lib\site-packages\scipy\linalg\_matfuncs_sqrtm_triu.cp38-win_amd64.pyd
0x00007ffd0be30000 - 0x00007ffd0be6f000 	C:\Users\Owner\anaconda3\lib\site-packages\scipy\linalg\_decomp_update.cp38-win_amd64.pyd
0x00007ffd0ac40000 - 0x00007ffd0ac7e000 	C:\Users\Owner\anaconda3\lib\site-packages\scipy\linalg\cython_blas.cp38-win_amd64.pyd
0x00007ffd0ab90000 - 0x00007ffd0ac34000 	C:\Users\Owner\anaconda3\lib\site-packages\scipy\linalg\cython_lapack.cp38-win_amd64.pyd
0x00007ffd0ab60000 - 0x00007ffd0ab83000 	C:\Users\Owner\anaconda3\lib\site-packages\scipy\spatial\_distance_wrap.cp38-win_amd64.pyd
0x00007ffd0ab30000 - 0x00007ffd0ab5a000 	C:\Users\Owner\anaconda3\lib\site-packages\scipy\spatial\_hausdorff.cp38-win_amd64.pyd

dbghelp: loaded successfully - version: 4.0.5 - missing functions: none
symbol engine: initialized successfully - sym options: 0x614 - pdb path: .;C:\Users\Owner\anaconda3;C:\windows\SYSTEM32;C:\Users\Owner\anaconda3\DLLs;C:\Users\Owner\anaconda3\Library\bin;C:\Users\Owner\anaconda3\lib\site-packages\zmq\backend\cython;C:\Users\Owner\anaconda3\lib\site-packages\tornado;C:\Users\Owner\anaconda3\lib\site-packages\win32;C:\Users\Owner\anaconda3\lib\site-packages\mkl;C:\Users\Owner\anaconda3\lib\site-packages\numpy\core;C:\Users\Owner\anaconda3\lib\site-packages\numpy\linalg;C:\Users\Owner\anaconda3\lib\site-packages\numpy\fft;C:\Users\Owner\anaconda3\lib\site-packages\numpy\random;C:\Users\Owner\anaconda3\lib\site-packages\scipy\_lib;C:\Users\Owner\anaconda3\lib\site-packages\scipy\spatial;C:\Users\Owner\anaconda3\lib\site-packages\scipy\sparse;C:\Users\Owner\anaconda3\lib\site-packages\scipy\sparse\csgraph;C:\Users\Owner\anaconda3\lib\site-packages\scipy\linalg;C:\Users\Owner\anaconda3\lib\site-packages\scipy\special;C:\Users\Owner\anaconda3\lib\site-packages\scipy\spatial\transform;C:\Users\Owner\anaconda3\lib\site-packages\scipy\ndimage;C:\Users\Owner\anaconda3\lib\site-packages\scipy\optimize;C:\Users\Owner\anaconda3\lib\site-packages\scipy\sparse\linalg\isolve;C:\Users\Owner\anaconda3\lib\site-packages\scipy\sparse\linalg\dsolve;C:\Users\Owner\anaconda3\lib\site-packages\scipy\sparse\linalg\eigen\arpack;C:\Users\Owner\anaconda3\lib\site-packages\scipy\optimize\_trlib;C:\Users\Owner\anaconda3\lib\site-packages\scipy\optimize\_lsq;C:\Users\Owner\anaconda3\lib\site-packages\scipy\optimize\_highs;C:\Users\Owner\anaconda3\lib\site-packages\scipy\integrate;C:\Users\Owner\anaconda3\lib\site-packages\scipy\interpolate;C:\Users\Owner\anaconda3\lib\site-packages\scipy\stats;C:\windows\WinSxS\amd64_microsoft.windows.common-controls_6595b64144ccf1df_6.0.19041.1110_none_60b5254171f9507e;C:\Users\Owner\anaconda3\lib\site-packages\regex;C:\Users\Owner\anaconda3\lib\site-packages\sklearn\__check_build;C:\Users\Owner\anaconda3\lib\site-packages\sklearn\utils;C:\Users\Owner\anaconda3\lib\site-packages\psutil;C:\Users\Owner\anaconda3\lib\site-packages\sklearn\feature_extraction;C:\Users\Owner\anaconda3\lib\site-packages\sklearn\preprocessing;C:\Users\Owner\anaconda3\lib\site-packages\sklearn\datasets;C:\Users\Owner\anaconda3\lib\site-packages\scipy\io\matlab;C:\Users\Owner\anaconda3\lib\site-packages\sklearn\svm;C:\Users\Owner\anaconda3\lib\site-packages\sklearn\metrics\cluster;C:\Users\Owner\anaconda3\lib\site-packages\sklearn\metrics;C:\Users\Owner\anaconda3\lib\site-packages\sklearn\linear_model;C:\Users\Owner\anaconda3\tcl\reg1.3;C:\Windows\System32\IME\IMEKR;C:\Windows\System32\IME\shared;C:\Users\Owner\anaconda3\lib\site-packages;C:\java\jdk_11\bin\server;C:\java\jdk_11\bin

VM Arguments:
jvm_args: -Dfile.encoding=UTF8 -ea -Xmx1024m 
java_command: <unknown>
java_class_path (initial): C:\Users\Owner\anaconda3\Lib\site-packages\konlpy\java;C:\Users\Owner\anaconda3\Lib\site-packages\konlpy\java\bin;C:\Users\Owner\anaconda3\Lib\site-packages\konlpy\java\aho-corasick.jar;C:\Users\Owner\anaconda3\Lib\site-packages\konlpy\java\jhannanum-0.8.4.jar;C:\Users\Owner\anaconda3\Lib\site-packages\konlpy\java\kkma-2.0.jar;C:\Users\Owner\anaconda3\Lib\site-packages\konlpy\java\komoran-3.0.jar;C:\Users\Owner\anaconda3\Lib\site-packages\konlpy\java\open-korean-text-2.1.0.jar;C:\Users\Owner\anaconda3\Lib\site-packages\konlpy\java\scala-library-2.12.3.jar;C:\Users\Owner\anaconda3\Lib\site-packages\konlpy\java\shineware-common-1.0.jar;C:\Users\Owner\anaconda3\Lib\site-packages\konlpy\java\shineware-ds-1.0.jar;C:\Users\Owner\anaconda3\Lib\site-packages\konlpy\java\snakeyaml-1.12.jar;C:\Users\Owner\anaconda3\Lib\site-packages\konlpy\java\twitter-text-1.14.7.jar;C:\Users\Owner\anaconda3\Lib\site-packages\konlpy\java\jhannanum-0.8.4.jar;C:\Users\Owner\anaconda3\Lib\site-packages\konlpy\java\kkma-2.0.jar;C:\Users\Owner\anaconda3\Lib\site-packages\konlpy\java\aho-corasick.jar;C:\Users\Owner\anaconda3\Lib\site-packages\konlpy\java\shineware-common-1.0.jar;C:\Users\Owner\anaconda3\Lib\site-packages\konlpy\java\shineware-ds-1.0.jar;C:\Users\Owner\anaconda3\Lib\site-packages\konlpy\java\komoran-3.0.jar;C:\Users\Owner\anaconda3\Lib\site-packages\konlpy\java\snakeyaml-1.12.jar;C:\Users\Owner\anaconda3\Lib\site-packages\konlpy\java\scala-library-2.12.3.jar;C:\Users\Owner\anaconda3\Lib\site-packages\konlpy\java\open-korean-text-2.1.0.jar;C:\Users\Owner\anaconda3\Lib\site-packages\konlpy\java\twitter-text-1.14.7.jar;C:\Users\Owner\anaconda3\Lib\site-packages\konlpy\java\aho-corasick.jar;C:\Users\Owner\anaconda3\Lib\site-packages\konlpy\java\jhannanum-0.8.4.jar;C:\Users\Owner\anaconda3\Lib\site-packages\konlpy\java\kkma-2.0.jar;C:\Users\Owner\anaconda3\Lib\site-packages\konlpy\java\komoran-3.0.jar;C:\Users\Owner\anaconda3\Lib\site-packages\konlpy\java\op
Launcher Type: generic

[Global flags]
     intx CICompilerCount                          = 4                                         {product} {ergonomic}
     uint ConcGCThreads                            = 2                                         {product} {ergonomic}
     uint G1ConcRefinementThreads                  = 8                                         {product} {ergonomic}
   size_t G1HeapRegionSize                         = 1048576                                   {product} {ergonomic}
    uintx GCDrainStackTargetSize                   = 64                                        {product} {ergonomic}
   size_t InitialHeapSize                          = 264241152                                 {product} {ergonomic}
   size_t MarkStackSize                            = 4194304                                   {product} {ergonomic}
   size_t MaxHeapSize                              = 1073741824                                {product} {command line}
   size_t MaxNewSize                               = 643825664                                 {product} {ergonomic}
   size_t MinHeapDeltaBytes                        = 1048576                                   {product} {ergonomic}
    uintx NonNMethodCodeHeapSize                   = 5835340                                {pd product} {ergonomic}
    uintx NonProfiledCodeHeapSize                  = 122911450                              {pd product} {ergonomic}
    uintx ProfiledCodeHeapSize                     = 122911450                              {pd product} {ergonomic}
    uintx ReservedCodeCacheSize                    = 251658240                              {pd product} {ergonomic}
     bool SegmentedCodeCache                       = true                                      {product} {ergonomic}
     bool UseCompressedClassPointers               = true                                 {lp64_product} {ergonomic}
     bool UseCompressedOops                        = true                                 {lp64_product} {ergonomic}
     bool UseG1GC                                  = true                                      {product} {ergonomic}
     bool UseLargePagesIndividualAllocation        = false                                  {pd product} {ergonomic}

Logging:
Log output configuration:
 #0: stdout all=warning uptime,level,tags
 #1: stderr all=off uptime,level,tags

Environment Variables:
JAVA_HOME=C:\java\jdk_11
PATH=C:\Users\Owner\anaconda3;C:\Users\Owner\anaconda3\Library\mingw-w64\bin;C:\Users\Owner\anaconda3\Library\usr\bin;C:\Users\Owner\anaconda3\Library\bin;C:\Users\Owner\anaconda3\Scripts;C:\Users\Owner\anaconda3\bin;C:\Users\Owner\anaconda3\condabin;C:\windows\system32;C:\windows;C:\windows\System32\Wbem;C:\windows\System32\WindowsPowerShell\v1.0;C:\windows\System32\OpenSSH;C:\Program Files\Git\cmd;C:\java\jdk_11\bin;C:\Users\Owner\anaconda3;C:\Users\Owner\anaconda3\Library\mingw-w64\bin;C:\Users\Owner\anaconda3\Library\usr\bin;C:\Users\Owner\anaconda3\Library\bin;C:\Users\Owner\anaconda3\Scripts;C:\Users\Owner\AppData\Local\Programs\Python\Python38\Scripts;C:\Users\Owner\AppData\Local\Programs\Python\Python38;C:\Users\Owner\AppData\Local\Microsoft\WindowsApps;C:\Users\Owner\AppData\Local\Programs\Microsoft VS Code\bin
USERNAME=Owner
OS=Windows_NT
PROCESSOR_IDENTIFIER=Intel64 Family 6 Model 140 Stepping 1, GenuineIntel



---------------  S Y S T E M  ---------------

OS: Windows 10 , 64 bit Build 19041 (10.0.19041.1503)

CPU:total 8 (initial active 8) (4 cores per cpu, 2 threads per core) family 6 model 140 stepping 1, cmov, cx8, fxsr, mmx, sse, sse2, sse3, ssse3, sse4.1, sse4.2, popcnt, avx, avx2, aes, clmul, erms, 3dnowpref, lzcnt, ht, tsc, tscinvbit, bmi1, bmi2, adx, sha, fma

Memory: 4k page, system-wide physical 16057M (9975M free)
TotalPageFile size 18489M (AvailPageFile size 11044M)
current process WorkingSet (physical memory assigned to process): 277M, peak: 277M
current process commit charge ("private bytes"): 410M, peak: 511M

vm_info: OpenJDK 64-Bit Server VM (11+28) for windows-amd64 JRE (11+28), built on Aug 23 2018 03:04:58 by "mach5one" with MS VC++ 15.5 (VS2017)

END.
